{"name": "test_scan_0_success[data0]", "status": "broken", "statusDetails": {"message": "selenium.common.exceptions.TimeoutException: Message:", "trace": "self = <test_cases.test_login.TestLogin object at 0x00000170B7C92F28>\ndata = {'pwd': '123456', 'user': '15533366622'}\nrun_app = <appium.webdriver.webdriver.WebDriver (session=\"e72bf098-284c-4a24-aab6-fc7c7aa161ce\")>\n\n    @pytest.mark.parametrize(\"data\", ld.success_data)\n    def test_scan_0_success(self, data, run_app):\n        # 执行登录\n        LoginPage(run_app).login_action(data[\"user\"], data[\"pwd\"])\n    \n        # 扫一扫付款\n        IndexPage(run_app).scan_pay(amount=\"0.01\")\n    \n        # 执行登出\n>       LogoutPage(run_app).logout_action()\n\ntest_cases\\test_login.py:87: \n_ _ _ _ _ _ _ _ _ _ _ _ _ _ _ _ _ _ _ _ _ _ _ _ _ _ _ _ _ _ _ _ _ _ _ _ _ _ _ _\npage_ojbects\\logout_page.py:24: in logout_action\n    self.wait_ele_visible(Loc.my_loc, \"首页_等待 我的 元素可见\")\ncommon\\basepage.py:31: in wait_ele_visible\n    WebDriverWait(self.driver, timeout, frequency).until(ec.visibility_of_element_located(loc))\n_ _ _ _ _ _ _ _ _ _ _ _ _ _ _ _ _ _ _ _ _ _ _ _ _ _ _ _ _ _ _ _ _ _ _ _ _ _ _ _\n\nself = <selenium.webdriver.support.wait.WebDriverWait (session=\"e72bf098-284c-4a24-aab6-fc7c7aa161ce\")>\nmethod = <selenium.webdriver.support.expected_conditions.visibility_of_element_located object at 0x00000170B7CEFBA8>\nmessage = ''\n\n    def until(self, method, message=''):\n        \"\"\"Calls the method provided with the driver as an argument until the \\\n        return value is not False.\"\"\"\n        screen = None\n        stacktrace = None\n    \n        end_time = time.time() + self._timeout\n        while True:\n            try:\n                value = method(self._driver)\n                if value:\n                    return value\n            except self._ignored_exceptions as exc:\n                screen = getattr(exc, 'screen', None)\n                stacktrace = getattr(exc, 'stacktrace', None)\n            time.sleep(self._poll)\n            if time.time() > end_time:\n                break\n>       raise TimeoutException(message, screen, stacktrace)\nE       selenium.common.exceptions.TimeoutException: Message:\n\nC:\\Python37\\lib\\site-packages\\selenium\\webdriver\\support\\wait.py:80: TimeoutException"}, "attachments": [{"name": "log", "source": "8e34e060-0517-4622-9142-bf330fa24b6d-attachment.txt", "type": "text/plain"}], "parameters": [{"name": "data", "value": "{'user': '15533366622', 'pwd': '123456'}"}], "start": 1570346595210, "stop": 1570346643788, "uuid": "0bb70450-52db-4346-83b2-90d3512e2dfb", "historyId": "f552efed59dc39938bde8ff222775e8a", "testCaseId": "81839c0cbe35567b8c59ea7f3b8a85c7", "fullName": "test_cases.test_login.TestLogin#test_scan_0_success", "labels": [{"name": "parentSuite", "value": "test_cases"}, {"name": "suite", "value": "test_login"}, {"name": "subSuite", "value": "TestLogin"}, {"name": "host", "value": "DESKTOP-HH83IEE"}, {"name": "thread", "value": "10800-MainThread"}, {"name": "framework", "value": "pytest"}, {"name": "language", "value": "cpython3"}, {"name": "package", "value": "test_cases.test_login"}]}